<?xml version="1.0" encoding="UTF-8"?>
<!-- Generated by org.testng.reporters.JUnitReportReporter -->
<testsuite hostname="madhusudhan" failures="0" tests="1" name="Maven_package.Mad_Maven.madhu_mav" time="155.702" errors="0" timestamp="2022-09-22T17:31:44 IST" skipped="0">
  <testcase classname="Maven_package.Mad_Maven.madhu_mav" name="maven_m" time="155.702"/>
  <system-out/>
</testsuite> <!-- Maven_package.Mad_Maven.madhu_mav -->
